<?xml version="1.0" encoding="UTF-8"?>
<testng-results ignored="0" total="18" passed="16" failed="1" skipped="1">
  <reporter-output>
  </reporter-output>
  <suite started-at="2019-10-21T20:07:08 IST" name="Suite" finished-at="2019-10-21T20:09:01 IST" duration-ms="112887">
    <groups>
    </groups>
    <test started-at="2019-10-21T20:07:08 IST" name="Test" finished-at="2019-10-21T20:09:01 IST" duration-ms="112887">
      <class name="com.atmecs.konakart.script.ProductReview">
        <test-method is-config="true" signature="getBrowser(java.lang.String)[pri:0, instance:com.atmecs.konakart.script.ProductReview@2b6faea6]" started-at="2019-10-21T20:08:34 IST" name="getBrowser" finished-at="2019-10-21T20:08:44 IST" duration-ms="9417" status="PASS">
          <params>
            <param index="0">
              <value>
                <![CDATA[chrome]]>
              </value>
            </param>
          </params>
          <reporter-output>
          </reporter-output>
        </test-method> <!-- getBrowser -->
        <test-method signature="contentCorrectness()[pri:1, instance:com.atmecs.konakart.script.ProductReview@2b6faea6]" started-at="2019-10-21T20:08:44 IST" name="contentCorrectness" finished-at="2019-10-21T20:08:56 IST" duration-ms="12765" status="FAIL">
          <exception class="java.lang.NullPointerException">
            <full-stacktrace>
              <![CDATA[java.lang.NullPointerException
at com.atmecs.konakart.utility.Utility.getbjectLocator(Utility.java:56)
at com.atmecs.konakart.base.Base.getText(Base.java:508)
at com.atmecs.konakart.script.ProductReview.contentCorrectness(ProductReview.java:39)
at java.base/jdk.internal.reflect.NativeMethodAccessorImpl.invoke0(Native Method)
at java.base/jdk.internal.reflect.NativeMethodAccessorImpl.invoke(NativeMethodAccessorImpl.java:62)
at java.base/jdk.internal.reflect.DelegatingMethodAccessorImpl.invoke(DelegatingMethodAccessorImpl.java:43)
at java.base/java.lang.reflect.Method.invoke(Method.java:567)
at org.testng.internal.MethodInvocationHelper.invokeMethod(MethodInvocationHelper.java:133)
at org.testng.internal.TestInvoker.invokeMethod(TestInvoker.java:584)
at org.testng.internal.TestInvoker.invokeTestMethod(TestInvoker.java:172)
at org.testng.internal.MethodRunner.runInSequence(MethodRunner.java:46)
at org.testng.internal.TestInvoker$MethodInvocationAgent.invoke(TestInvoker.java:804)
at org.testng.internal.TestInvoker.invokeTestMethods(TestInvoker.java:145)
at org.testng.internal.TestMethodWorker.invokeTestMethods(TestMethodWorker.java:146)
at org.testng.internal.TestMethodWorker.run(TestMethodWorker.java:128)
at java.base/java.util.ArrayList.forEach(ArrayList.java:1540)
at org.testng.TestRunner.privateRun(TestRunner.java:770)
at org.testng.TestRunner.run(TestRunner.java:591)
at org.testng.SuiteRunner.runTest(SuiteRunner.java:402)
at org.testng.SuiteRunner.runSequentially(SuiteRunner.java:396)
at org.testng.SuiteRunner.privateRun(SuiteRunner.java:355)
at org.testng.SuiteRunner.run(SuiteRunner.java:304)
at org.testng.SuiteRunnerWorker.runSuite(SuiteRunnerWorker.java:53)
at org.testng.SuiteRunnerWorker.run(SuiteRunnerWorker.java:96)
at org.testng.TestNG.runSuitesSequentially(TestNG.java:1180)
at org.testng.TestNG.runSuitesLocally(TestNG.java:1102)
at org.testng.TestNG.runSuites(TestNG.java:1032)
at org.testng.TestNG.run(TestNG.java:1000)
at org.testng.remote.AbstractRemoteTestNG.run(AbstractRemoteTestNG.java:115)
at org.testng.remote.RemoteTestNG.initAndRun(RemoteTestNG.java:251)
at org.testng.remote.RemoteTestNG.main(RemoteTestNG.java:77)
]]>
            </full-stacktrace>
          </exception> <!-- java.lang.NullPointerException -->
          <reporter-output>
          </reporter-output>
        </test-method> <!-- contentCorrectness -->
        <test-method signature="customerReview(java.lang.String, java.lang.String)[pri:2, instance:com.atmecs.konakart.script.ProductReview@2b6faea6]" started-at="2019-10-21T20:08:56 IST" name="customerReview" data-provider="sortReview" finished-at="2019-10-21T20:08:56 IST" duration-ms="0" status="SKIP">
          <exception class="java.lang.RuntimeException">
            <message>
              <![CDATA[java.lang.NullPointerException]]>
            </message>
            <full-stacktrace>
              <![CDATA[java.lang.RuntimeException: java.lang.NullPointerException
at org.testng.internal.MethodInvocationHelper.invokeMethodNoCheckedException(MethodInvocationHelper.java:50)
at org.testng.internal.MethodInvocationHelper.invokeDataProvider(MethodInvocationHelper.java:146)
at org.testng.internal.Parameters.handleParameters(Parameters.java:820)
at org.testng.internal.Parameters.handleParameters(Parameters.java:762)
at org.testng.internal.ParameterHandler.handleParameters(ParameterHandler.java:60)
at org.testng.internal.ParameterHandler.createParameters(ParameterHandler.java:39)
at org.testng.internal.TestInvoker$MethodInvocationAgent.invoke(TestInvoker.java:771)
at org.testng.internal.TestInvoker.invokeTestMethods(TestInvoker.java:145)
at org.testng.internal.TestMethodWorker.invokeTestMethods(TestMethodWorker.java:146)
at org.testng.internal.TestMethodWorker.run(TestMethodWorker.java:128)
at java.base/java.util.ArrayList.forEach(ArrayList.java:1540)
at org.testng.TestRunner.privateRun(TestRunner.java:770)
at org.testng.TestRunner.run(TestRunner.java:591)
at org.testng.SuiteRunner.runTest(SuiteRunner.java:402)
at org.testng.SuiteRunner.runSequentially(SuiteRunner.java:396)
at org.testng.SuiteRunner.privateRun(SuiteRunner.java:355)
at org.testng.SuiteRunner.run(SuiteRunner.java:304)
at org.testng.SuiteRunnerWorker.runSuite(SuiteRunnerWorker.java:53)
at org.testng.SuiteRunnerWorker.run(SuiteRunnerWorker.java:96)
at org.testng.TestNG.runSuitesSequentially(TestNG.java:1180)
at org.testng.TestNG.runSuitesLocally(TestNG.java:1102)
at org.testng.TestNG.runSuites(TestNG.java:1032)
at org.testng.TestNG.run(TestNG.java:1000)
at org.testng.remote.AbstractRemoteTestNG.run(AbstractRemoteTestNG.java:115)
at org.testng.remote.RemoteTestNG.initAndRun(RemoteTestNG.java:251)
at org.testng.remote.RemoteTestNG.main(RemoteTestNG.java:77)
Caused by: java.lang.NullPointerException
at com.atmecs.konakart.utility.Utility.getExcel(Utility.java:106)
at com.atmecs.konakart.script.ProductReview.sortReview(ProductReview.java:51)
at java.base/jdk.internal.reflect.NativeMethodAccessorImpl.invoke0(Native Method)
at java.base/jdk.internal.reflect.NativeMethodAccessorImpl.invoke(NativeMethodAccessorImpl.java:62)
at java.base/jdk.internal.reflect.DelegatingMethodAccessorImpl.invoke(DelegatingMethodAccessorImpl.java:43)
at java.base/java.lang.reflect.Method.invoke(Method.java:567)
at org.testng.internal.MethodInvocationHelper.invokeMethod(MethodInvocationHelper.java:133)
at org.testng.internal.MethodInvocationHelper.invokeMethod(MethodInvocationHelper.java:77)
at org.testng.internal.MethodInvocationHelper.invokeMethodNoCheckedException(MethodInvocationHelper.java:46)
... 25 more
]]>
            </full-stacktrace>
          </exception> <!-- java.lang.RuntimeException -->
          <reporter-output>
          </reporter-output>
        </test-method> <!-- customerReview -->
        <test-method is-config="true" signature="closeBrwser()[pri:0, instance:com.atmecs.konakart.script.ProductReview@2b6faea6]" started-at="2019-10-21T20:08:56 IST" name="closeBrwser" finished-at="2019-10-21T20:09:01 IST" duration-ms="4159" status="PASS">
          <reporter-output>
          </reporter-output>
        </test-method> <!-- closeBrwser -->
      </class> <!-- com.atmecs.konakart.script.ProductReview -->
      <class name="com.atmecs.konakart.script.ProductSearch">
        <test-method is-config="true" signature="getBrowser(java.lang.String)[pri:0, instance:com.atmecs.konakart.script.ProductSearch@1e802ef9]" started-at="2019-10-21T20:07:08 IST" name="getBrowser" finished-at="2019-10-21T20:07:18 IST" duration-ms="10416" status="PASS">
          <params>
            <param index="0">
              <value>
                <![CDATA[chrome]]>
              </value>
            </param>
          </params>
          <reporter-output>
          </reporter-output>
        </test-method> <!-- getBrowser -->
        <test-method signature="positiveSearches(java.lang.String, java.lang.String, java.lang.String)[pri:1, instance:com.atmecs.konakart.script.ProductSearch@1e802ef9]" started-at="2019-10-21T20:07:19 IST" name="positiveSearches" data-provider="positiveSearch" finished-at="2019-10-21T20:07:29 IST" duration-ms="9665" status="PASS">
          <params>
            <param index="0">
              <value>
                <![CDATA[All]]>
              </value>
            </param>
            <param index="1">
              <value>
                <![CDATA[samsung]]>
              </value>
            </param>
            <param index="2">
              <value>
                <![CDATA[1-4 of 4 products]]>
              </value>
            </param>
          </params>
          <reporter-output>
          </reporter-output>
        </test-method> <!-- positiveSearches -->
        <test-method signature="positiveSearches(java.lang.String, java.lang.String, java.lang.String)[pri:1, instance:com.atmecs.konakart.script.ProductSearch@1e802ef9]" started-at="2019-10-21T20:07:29 IST" name="positiveSearches" data-provider="positiveSearch" finished-at="2019-10-21T20:07:34 IST" duration-ms="5881" status="PASS">
          <params>
            <param index="0">
              <value>
                <![CDATA[Computer Peripherals]]>
              </value>
            </param>
            <param index="1">
              <value>
                <![CDATA[Bundle Saver]]>
              </value>
            </param>
            <param index="2">
              <value>
                <![CDATA[1-1 of 1 products]]>
              </value>
            </param>
          </params>
          <reporter-output>
          </reporter-output>
        </test-method> <!-- positiveSearches -->
        <test-method signature="positiveSearches(java.lang.String, java.lang.String, java.lang.String)[pri:1, instance:com.atmecs.konakart.script.ProductSearch@1e802ef9]" started-at="2019-10-21T20:07:34 IST" name="positiveSearches" data-provider="positiveSearch" finished-at="2019-10-21T20:07:41 IST" duration-ms="6149" status="PASS">
          <params>
            <param index="0">
              <value>
                <![CDATA[Games]]>
              </value>
            </param>
            <param index="1">
              <value>
                <![CDATA[call of duty]]>
              </value>
            </param>
            <param index="2">
              <value>
                <![CDATA[1-1 of 1 products]]>
              </value>
            </param>
          </params>
          <reporter-output>
          </reporter-output>
        </test-method> <!-- positiveSearches -->
        <test-method signature="positiveSearches(java.lang.String, java.lang.String, java.lang.String)[pri:1, instance:com.atmecs.konakart.script.ProductSearch@1e802ef9]" started-at="2019-10-21T20:07:41 IST" name="positiveSearches" data-provider="positiveSearch" finished-at="2019-10-21T20:07:46 IST" duration-ms="5500" status="PASS">
          <params>
            <param index="0">
              <value>
                <![CDATA[DVD Movies]]>
              </value>
            </param>
            <param index="1">
              <value>
                <![CDATA[A Bug's Life]]>
              </value>
            </param>
            <param index="2">
              <value>
                <![CDATA[1-1 of 1 products]]>
              </value>
            </param>
          </params>
          <reporter-output>
          </reporter-output>
        </test-method> <!-- positiveSearches -->
        <test-method signature="positiveSearches(java.lang.String, java.lang.String, java.lang.String)[pri:1, instance:com.atmecs.konakart.script.ProductSearch@1e802ef9]" started-at="2019-10-21T20:07:46 IST" name="positiveSearches" data-provider="positiveSearch" finished-at="2019-10-21T20:07:51 IST" duration-ms="5155" status="PASS">
          <params>
            <param index="0">
              <value>
                <![CDATA[Software]]>
              </value>
            </param>
            <param index="1">
              <value>
                <![CDATA[win8pro]]>
              </value>
            </param>
            <param index="2">
              <value>
                <![CDATA[1-1 of 1 products]]>
              </value>
            </param>
          </params>
          <reporter-output>
          </reporter-output>
        </test-method> <!-- positiveSearches -->
        <test-method signature="positiveSearches(java.lang.String, java.lang.String, java.lang.String)[pri:1, instance:com.atmecs.konakart.script.ProductSearch@1e802ef9]" started-at="2019-10-21T20:07:51 IST" name="positiveSearches" data-provider="positiveSearch" finished-at="2019-10-21T20:07:57 IST" duration-ms="5232" status="PASS">
          <params>
            <param index="0">
              <value>
                <![CDATA[Electronics]]>
              </value>
            </param>
            <param index="1">
              <value>
                <![CDATA[Nikon D5100 SLR]]>
              </value>
            </param>
            <param index="2">
              <value>
                <![CDATA[1-1 of 1 products]]>
              </value>
            </param>
          </params>
          <reporter-output>
          </reporter-output>
        </test-method> <!-- positiveSearches -->
        <test-method signature="positiveSearches(java.lang.String, java.lang.String, java.lang.String)[pri:1, instance:com.atmecs.konakart.script.ProductSearch@1e802ef9]" started-at="2019-10-21T20:07:57 IST" name="positiveSearches" data-provider="positiveSearch" finished-at="2019-10-21T20:08:02 IST" duration-ms="5393" status="PASS">
          <params>
            <param index="0">
              <value>
                <![CDATA[Home & Garden]]>
              </value>
            </param>
            <param index="1">
              <value>
                <![CDATA[De'Longhi BCO 410]]>
              </value>
            </param>
            <param index="2">
              <value>
                <![CDATA[1-1 of 1 products]]>
              </value>
            </param>
          </params>
          <reporter-output>
          </reporter-output>
        </test-method> <!-- positiveSearches -->
        <test-method signature="positiveSearches(java.lang.String, java.lang.String, java.lang.String)[pri:1, instance:com.atmecs.konakart.script.ProductSearch@1e802ef9]" started-at="2019-10-21T20:08:02 IST" name="positiveSearches" data-provider="positiveSearch" finished-at="2019-10-21T20:08:07 IST" duration-ms="5413" status="PASS">
          <params>
            <param index="0">
              <value>
                <![CDATA[Gifts]]>
              </value>
            </param>
            <param index="1">
              <value>
                <![CDATA[gift certificate]]>
              </value>
            </param>
            <param index="2">
              <value>
                <![CDATA[1-1 of 1 products]]>
              </value>
            </param>
          </params>
          <reporter-output>
          </reporter-output>
        </test-method> <!-- positiveSearches -->
        <test-method signature="negativeSearches(java.lang.String, java.lang.String, java.lang.String)[pri:2, instance:com.atmecs.konakart.script.ProductSearch@1e802ef9]" started-at="2019-10-21T20:08:07 IST" name="negativeSearches" data-provider="negativeSearch" finished-at="2019-10-21T20:08:10 IST" duration-ms="2850" status="PASS">
          <params>
            <param index="0">
              <value>
                <![CDATA[All]]>
              </value>
            </param>
            <param index="1">
              <value>
                <![CDATA[123.0]]>
              </value>
            </param>
            <param index="2">
              <value>
                <![CDATA[There are no available products.]]>
              </value>
            </param>
          </params>
          <reporter-output>
          </reporter-output>
        </test-method> <!-- negativeSearches -->
        <test-method signature="negativeSearches(java.lang.String, java.lang.String, java.lang.String)[pri:2, instance:com.atmecs.konakart.script.ProductSearch@1e802ef9]" started-at="2019-10-21T20:08:10 IST" name="negativeSearches" data-provider="negativeSearch" finished-at="2019-10-21T20:08:14 IST" duration-ms="3507" status="PASS">
          <params>
            <param index="0">
              <value>
                <![CDATA[Computer Peripherals]]>
              </value>
            </param>
            <param index="1">
              <value>
                <![CDATA[abc]]>
              </value>
            </param>
            <param index="2">
              <value>
                <![CDATA[There are no available products.]]>
              </value>
            </param>
          </params>
          <reporter-output>
          </reporter-output>
        </test-method> <!-- negativeSearches -->
        <test-method signature="negativeSearches(java.lang.String, java.lang.String, java.lang.String)[pri:2, instance:com.atmecs.konakart.script.ProductSearch@1e802ef9]" started-at="2019-10-21T20:08:14 IST" name="negativeSearches" data-provider="negativeSearch" finished-at="2019-10-21T20:08:18 IST" duration-ms="3817" status="PASS">
          <params>
            <param index="0">
              <value>
                <![CDATA[Games]]>
              </value>
            </param>
            <param index="1">
              <value>
                <![CDATA[%$@#]]>
              </value>
            </param>
            <param index="2">
              <value>
                <![CDATA[There are no available products.]]>
              </value>
            </param>
          </params>
          <reporter-output>
          </reporter-output>
        </test-method> <!-- negativeSearches -->
        <test-method signature="negativeSearches(java.lang.String, java.lang.String, java.lang.String)[pri:2, instance:com.atmecs.konakart.script.ProductSearch@1e802ef9]" started-at="2019-10-21T20:08:18 IST" name="negativeSearches" data-provider="negativeSearch" finished-at="2019-10-21T20:08:21 IST" duration-ms="3334" status="PASS">
          <params>
            <param index="0">
              <value>
                <![CDATA[DVD Movies]]>
              </value>
            </param>
            <param index="1">
              <value>
                <![CDATA[:lmhy]]>
              </value>
            </param>
            <param index="2">
              <value>
                <![CDATA[There are no available products.]]>
              </value>
            </param>
          </params>
          <reporter-output>
          </reporter-output>
        </test-method> <!-- negativeSearches -->
        <test-method signature="negativeSearches(java.lang.String, java.lang.String, java.lang.String)[pri:2, instance:com.atmecs.konakart.script.ProductSearch@1e802ef9]" started-at="2019-10-21T20:08:21 IST" name="negativeSearches" data-provider="negativeSearch" finished-at="2019-10-21T20:08:24 IST" duration-ms="3290" status="PASS">
          <params>
            <param index="0">
              <value>
                <![CDATA[Software]]>
              </value>
            </param>
            <param index="1">
              <value>
                <![CDATA[9987.0]]>
              </value>
            </param>
            <param index="2">
              <value>
                <![CDATA[There are no available products.]]>
              </value>
            </param>
          </params>
          <reporter-output>
          </reporter-output>
        </test-method> <!-- negativeSearches -->
        <test-method signature="negativeSearches(java.lang.String, java.lang.String, java.lang.String)[pri:2, instance:com.atmecs.konakart.script.ProductSearch@1e802ef9]" started-at="2019-10-21T20:08:24 IST" name="negativeSearches" data-provider="negativeSearch" finished-at="2019-10-21T20:08:27 IST" duration-ms="3106" status="PASS">
          <params>
            <param index="0">
              <value>
                <![CDATA[Electronics]]>
              </value>
            </param>
            <param index="1">
              <value>
                <![CDATA[123.0]]>
              </value>
            </param>
            <param index="2">
              <value>
                <![CDATA[There are no available products.]]>
              </value>
            </param>
          </params>
          <reporter-output>
          </reporter-output>
        </test-method> <!-- negativeSearches -->
        <test-method signature="negativeSearches(java.lang.String, java.lang.String, java.lang.String)[pri:2, instance:com.atmecs.konakart.script.ProductSearch@1e802ef9]" started-at="2019-10-21T20:08:27 IST" name="negativeSearches" data-provider="negativeSearch" finished-at="2019-10-21T20:08:31 IST" duration-ms="3661" status="PASS">
          <params>
            <param index="0">
              <value>
                <![CDATA[Home & Garden]]>
              </value>
            </param>
            <param index="1">
              <value>
                <![CDATA[abxg]]>
              </value>
            </param>
            <param index="2">
              <value>
                <![CDATA[No products were found for your search of abxg . Click on any of the following suggestions to retry:
abug
able]]>
              </value>
            </param>
          </params>
          <reporter-output>
          </reporter-output>
        </test-method> <!-- negativeSearches -->
        <test-method signature="negativeSearches(java.lang.String, java.lang.String, java.lang.String)[pri:2, instance:com.atmecs.konakart.script.ProductSearch@1e802ef9]" started-at="2019-10-21T20:08:31 IST" name="negativeSearches" data-provider="negativeSearch" finished-at="2019-10-21T20:08:34 IST" duration-ms="3036" status="PASS">
          <params>
            <param index="0">
              <value>
                <![CDATA[Gifts]]>
              </value>
            </param>
            <param index="1">
              <value>
                <![CDATA[123.0]]>
              </value>
            </param>
            <param index="2">
              <value>
                <![CDATA[There are no available products.]]>
              </value>
            </param>
          </params>
          <reporter-output>
          </reporter-output>
        </test-method> <!-- negativeSearches -->
        <test-method is-config="true" signature="closeBrwser()[pri:0, instance:com.atmecs.konakart.script.ProductSearch@1e802ef9]" started-at="2019-10-21T20:08:34 IST" name="closeBrwser" finished-at="2019-10-21T20:08:34 IST" duration-ms="109" status="PASS">
          <reporter-output>
          </reporter-output>
        </test-method> <!-- closeBrwser -->
      </class> <!-- com.atmecs.konakart.script.ProductSearch -->
    </test> <!-- Test -->
  </suite> <!-- Suite -->
</testng-results>
