<?xml version="1.0" encoding="UTF-8"?>
<testng-results ignored="0" total="9" passed="8" failed="1" skipped="0">
  <reporter-output>
  </reporter-output>
  <suite started-at="2019-10-14T20:52:12 IST" name="Default suite" finished-at="2019-10-14T20:52:19 IST" duration-ms="6355">
    <groups>
    </groups>
    <test started-at="2019-10-14T20:52:12 IST" name="Default test" finished-at="2019-10-14T20:52:19 IST" duration-ms="6355">
      <class name="com.atmecs.konakart.script.ProductSearch">
        <test-method is-config="true" signature="launchBrowser()[pri:0, instance:com.atmecs.konakart.script.ProductSearch@3b07a0d6]" started-at="2019-10-14T20:52:12 IST" name="launchBrowser" finished-at="2019-10-14T20:52:18 IST" duration-ms="5214" status="PASS">
          <reporter-output>
          </reporter-output>
        </test-method> <!-- launchBrowser -->
        <test-method signature="closeBrwser()[pri:0, instance:com.atmecs.konakart.script.ProductSearch@3b07a0d6]" started-at="2019-10-14T20:52:18 IST" name="closeBrwser" data-provider="negativeSearch" finished-at="2019-10-14T20:52:18 IST" duration-ms="0" status="FAIL">
          <exception class="org.testng.TestNGException">
            <message>
              <![CDATA[
Method public void com.atmecs.konakart.script.ProductSearch.closeBrwser() throws java.lang.Exception requires a @DataProvider named : negativeSearch]]>
            </message>
            <full-stacktrace>
              <![CDATA[org.testng.TestNGException: 
Method public void com.atmecs.konakart.script.ProductSearch.closeBrwser() throws java.lang.Exception requires a @DataProvider named : negativeSearch
at org.testng.internal.Parameters.findDataProvider(Parameters.java:580)
at org.testng.internal.Parameters.handleParameters(Parameters.java:795)
at org.testng.internal.Parameters.handleParameters(Parameters.java:762)
at org.testng.internal.ParameterHandler.handleParameters(ParameterHandler.java:60)
at org.testng.internal.ParameterHandler.createParameters(ParameterHandler.java:39)
at org.testng.internal.TestInvoker$MethodInvocationAgent.invoke(TestInvoker.java:771)
at org.testng.internal.TestInvoker.invokeTestMethods(TestInvoker.java:145)
at org.testng.internal.TestMethodWorker.invokeTestMethods(TestMethodWorker.java:146)
at org.testng.internal.TestMethodWorker.run(TestMethodWorker.java:128)
at java.base/java.util.ArrayList.forEach(ArrayList.java:1540)
at org.testng.TestRunner.privateRun(TestRunner.java:770)
at org.testng.TestRunner.run(TestRunner.java:591)
at org.testng.SuiteRunner.runTest(SuiteRunner.java:402)
at org.testng.SuiteRunner.runSequentially(SuiteRunner.java:396)
at org.testng.SuiteRunner.privateRun(SuiteRunner.java:355)
at org.testng.SuiteRunner.run(SuiteRunner.java:304)
at org.testng.SuiteRunnerWorker.runSuite(SuiteRunnerWorker.java:53)
at org.testng.SuiteRunnerWorker.run(SuiteRunnerWorker.java:96)
at org.testng.TestNG.runSuitesSequentially(TestNG.java:1180)
at org.testng.TestNG.runSuitesLocally(TestNG.java:1102)
at org.testng.TestNG.runSuites(TestNG.java:1032)
at org.testng.TestNG.run(TestNG.java:1000)
at org.testng.remote.AbstractRemoteTestNG.run(AbstractRemoteTestNG.java:115)
at org.testng.remote.RemoteTestNG.initAndRun(RemoteTestNG.java:251)
at org.testng.remote.RemoteTestNG.main(RemoteTestNG.java:77)
]]>
            </full-stacktrace>
          </exception> <!-- org.testng.TestNGException -->
          <reporter-output>
          </reporter-output>
        </test-method> <!-- closeBrwser -->
        <test-method signature="positiveSearches(java.lang.String, java.lang.String, java.lang.String)[pri:0, instance:com.atmecs.konakart.script.ProductSearch@3b07a0d6]" started-at="2019-10-14T20:52:19 IST" name="positiveSearches" data-provider="positiveSearch" finished-at="2019-10-14T20:52:19 IST" duration-ms="109" status="PASS">
          <params>
            <param index="0">
              <value>
                <![CDATA[All]]>
              </value>
            </param>
            <param index="1">
              <value>
                <![CDATA[samsung]]>
              </value>
            </param>
            <param index="2">
              <value>
                <![CDATA[1-4 of 4 products]]>
              </value>
            </param>
          </params>
          <reporter-output>
          </reporter-output>
        </test-method> <!-- positiveSearches -->
        <test-method signature="positiveSearches(java.lang.String, java.lang.String, java.lang.String)[pri:0, instance:com.atmecs.konakart.script.ProductSearch@3b07a0d6]" started-at="2019-10-14T20:52:19 IST" name="positiveSearches" data-provider="positiveSearch" finished-at="2019-10-14T20:52:19 IST" duration-ms="9" status="PASS">
          <params>
            <param index="0">
              <value>
                <![CDATA[Computer Peripherals]]>
              </value>
            </param>
            <param index="1">
              <value>
                <![CDATA[Bundle Saver]]>
              </value>
            </param>
            <param index="2">
              <value>
                <![CDATA[1-1 of 1 products]]>
              </value>
            </param>
          </params>
          <reporter-output>
          </reporter-output>
        </test-method> <!-- positiveSearches -->
        <test-method signature="positiveSearches(java.lang.String, java.lang.String, java.lang.String)[pri:0, instance:com.atmecs.konakart.script.ProductSearch@3b07a0d6]" started-at="2019-10-14T20:52:19 IST" name="positiveSearches" data-provider="positiveSearch" finished-at="2019-10-14T20:52:19 IST" duration-ms="16" status="PASS">
          <params>
            <param index="0">
              <value>
                <![CDATA[Games]]>
              </value>
            </param>
            <param index="1">
              <value>
                <![CDATA[call of duty]]>
              </value>
            </param>
            <param index="2">
              <value>
                <![CDATA[1-1 of 1 products]]>
              </value>
            </param>
          </params>
          <reporter-output>
          </reporter-output>
        </test-method> <!-- positiveSearches -->
        <test-method signature="positiveSearches(java.lang.String, java.lang.String, java.lang.String)[pri:0, instance:com.atmecs.konakart.script.ProductSearch@3b07a0d6]" started-at="2019-10-14T20:52:19 IST" name="positiveSearches" data-provider="positiveSearch" finished-at="2019-10-14T20:52:19 IST" duration-ms="15" status="PASS">
          <params>
            <param index="0">
              <value>
                <![CDATA[DVD Movies]]>
              </value>
            </param>
            <param index="1">
              <value>
                <![CDATA[A Bug's Life]]>
              </value>
            </param>
            <param index="2">
              <value>
                <![CDATA[1-1 of 1 products]]>
              </value>
            </param>
          </params>
          <reporter-output>
          </reporter-output>
        </test-method> <!-- positiveSearches -->
        <test-method signature="positiveSearches(java.lang.String, java.lang.String, java.lang.String)[pri:0, instance:com.atmecs.konakart.script.ProductSearch@3b07a0d6]" started-at="2019-10-14T20:52:19 IST" name="positiveSearches" data-provider="positiveSearch" finished-at="2019-10-14T20:52:19 IST" duration-ms="16" status="PASS">
          <params>
            <param index="0">
              <value>
                <![CDATA[Software]]>
              </value>
            </param>
            <param index="1">
              <value>
                <![CDATA[win8pro]]>
              </value>
            </param>
            <param index="2">
              <value>
                <![CDATA[1-1 of 1 products]]>
              </value>
            </param>
          </params>
          <reporter-output>
          </reporter-output>
        </test-method> <!-- positiveSearches -->
        <test-method signature="positiveSearches(java.lang.String, java.lang.String, java.lang.String)[pri:0, instance:com.atmecs.konakart.script.ProductSearch@3b07a0d6]" started-at="2019-10-14T20:52:19 IST" name="positiveSearches" data-provider="positiveSearch" finished-at="2019-10-14T20:52:19 IST" duration-ms="16" status="PASS">
          <params>
            <param index="0">
              <value>
                <![CDATA[Electronics]]>
              </value>
            </param>
            <param index="1">
              <value>
                <![CDATA[Nikon D5100 SLR]]>
              </value>
            </param>
            <param index="2">
              <value>
                <![CDATA[1-1 of 1 products]]>
              </value>
            </param>
          </params>
          <reporter-output>
          </reporter-output>
        </test-method> <!-- positiveSearches -->
        <test-method signature="positiveSearches(java.lang.String, java.lang.String, java.lang.String)[pri:0, instance:com.atmecs.konakart.script.ProductSearch@3b07a0d6]" started-at="2019-10-14T20:52:19 IST" name="positiveSearches" data-provider="positiveSearch" finished-at="2019-10-14T20:52:19 IST" duration-ms="15" status="PASS">
          <params>
            <param index="0">
              <value>
                <![CDATA[Home & Garden]]>
              </value>
            </param>
            <param index="1">
              <value>
                <![CDATA[De'Longhi BCO 410]]>
              </value>
            </param>
            <param index="2">
              <value>
                <![CDATA[1-1 of 1 products]]>
              </value>
            </param>
          </params>
          <reporter-output>
          </reporter-output>
        </test-method> <!-- positiveSearches -->
        <test-method is-config="true" signature="closeBrwser()[pri:0, instance:com.atmecs.konakart.script.ProductSearch@3b07a0d6]" started-at="2019-10-14T20:52:19 IST" name="closeBrwser" data-provider="negativeSearch" finished-at="2019-10-14T20:52:19 IST" duration-ms="47" status="PASS">
          <reporter-output>
          </reporter-output>
        </test-method> <!-- closeBrwser -->
        <test-method signature="positiveSearches(java.lang.String, java.lang.String, java.lang.String)[pri:0, instance:com.atmecs.konakart.script.ProductSearch@3b07a0d6]" started-at="2019-10-14T20:52:19 IST" name="positiveSearches" data-provider="positiveSearch" finished-at="2019-10-14T20:52:19 IST" duration-ms="0" status="PASS">
          <params>
            <param index="0">
              <value>
                <![CDATA[Gifts]]>
              </value>
            </param>
            <param index="1">
              <value>
                <![CDATA[gift certificate]]>
              </value>
            </param>
            <param index="2">
              <value>
                <![CDATA[1-1 of 1 products]]>
              </value>
            </param>
          </params>
          <reporter-output>
          </reporter-output>
        </test-method> <!-- positiveSearches -->
      </class> <!-- com.atmecs.konakart.script.ProductSearch -->
    </test> <!-- Default test -->
  </suite> <!-- Default suite -->
</testng-results>
