<?xml version="1.0" encoding="UTF-8"?>
<!-- Generated by org.testng.reporters.JUnitXMLReporter -->
<testsuite ignored="0" hostname="ATMECSINLT-028" failures="1" tests="30" name="chrome" time="97.151" errors="0" timestamp="2019-10-23T19:35:37 IST">
  <testcase classname="com.atmecs.konakart.script.ProductSearch" name="positiveSearches" time="3.98"/>
  <testcase classname="com.atmecs.konakart.script.ProductSearch" name="positiveSearches" time="7.439"/>
  <testcase classname="com.atmecs.konakart.script.ProductSearch" name="positiveSearches" time="4.728"/>
  <testcase classname="com.atmecs.konakart.script.ProductSearch" name="positiveSearches" time="5.799"/>
  <testcase classname="com.atmecs.konakart.script.ProductSearch" name="positiveSearches" time="4.967"/>
  <testcase classname="com.atmecs.konakart.script.ProductSearch" name="positiveSearches" time="3.957"/>
  <testcase classname="com.atmecs.konakart.script.ProductSearch" name="positiveSearches" time="4.55"/>
  <testcase classname="com.atmecs.konakart.script.ProductSearch" name="positiveSearches" time="31.851">
    <failure type="org.openqa.selenium.NoSuchElementException" message="Unable to locate element: (//span[@class=&amp;apos;number-of-items navigation-element&amp;apos;])[1]
For documentation on this error, please visit: https://www.seleniumhq.org/exceptions/no_such_element.html
Build info: version: &amp;apos;4.0.0-alpha-1&amp;apos;, revision: &amp;apos;d1d3728cae&amp;apos;, time: &amp;apos;2019-04-24T13:42:21&amp;apos;
System info: host: &amp;apos;ATMECSINLT-028&amp;apos;, ip: &amp;apos;55.55.54.55&amp;apos;, os.name: &amp;apos;Windows 10&amp;apos;, os.arch: &amp;apos;amd64&amp;apos;, os.version: &amp;apos;10.0&amp;apos;, java.version: &amp;apos;12.0.2&amp;apos;
Driver info: org.openqa.selenium.firefox.FirefoxDriver
Capabilities {acceptInsecureCerts: true, browserName: firefox, browserVersion: 69.0.3, javascriptEnabled: true, moz:accessibilityChecks: false, moz:buildID: 20191009172106, moz:geckodriverVersion: 0.24.0, moz:headless: false, moz:processID: 1744, moz:profile: C:\Users\ranjitha.selvam\Ap..., moz:shutdownTimeout: 60000, moz:useNonSpecCompliantPointerOrigin: false, moz:webdriverClick: true, pageLoadStrategy: normal, platform: WINDOWS, platformName: WINDOWS, platformVersion: 10.0, rotatable: false, setWindowRect: true, strictFileInteractability: false, timeouts: {implicit: 0, pageLoad: 300000, script: 30000}, unhandledPromptBehavior: dismiss and notify}
Session ID: 3a880d28-8f5b-4a2e-b8b6-60961ef8f3b1
*** Element info: {Using=xpath, value=(//span[@class=&amp;apos;number-of-items navigation-element&amp;apos;])[1]}">
      <![CDATA[org.openqa.selenium.NoSuchElementException: Unable to locate element: (//span[@class='number-of-items navigation-element'])[1]
For documentation on this error, please visit: https://www.seleniumhq.org/exceptions/no_such_element.html
Build info: version: '4.0.0-alpha-1', revision: 'd1d3728cae', time: '2019-04-24T13:42:21'
System info: host: 'ATMECSINLT-028', ip: '55.55.54.55', os.name: 'Windows 10', os.arch: 'amd64', os.version: '10.0', java.version: '12.0.2'
Driver info: org.openqa.selenium.firefox.FirefoxDriver
Capabilities {acceptInsecureCerts: true, browserName: firefox, browserVersion: 69.0.3, javascriptEnabled: true, moz:accessibilityChecks: false, moz:buildID: 20191009172106, moz:geckodriverVersion: 0.24.0, moz:headless: false, moz:processID: 1744, moz:profile: C:\Users\ranjitha.selvam\Ap..., moz:shutdownTimeout: 60000, moz:useNonSpecCompliantPointerOrigin: false, moz:webdriverClick: true, pageLoadStrategy: normal, platform: WINDOWS, platformName: WINDOWS, platformVersion: 10.0, rotatable: false, setWindowRect: true, strictFileInteractability: false, timeouts: {implicit: 0, pageLoad: 300000, script: 30000}, unhandledPromptBehavior: dismiss and notify}
Session ID: 3a880d28-8f5b-4a2e-b8b6-60961ef8f3b1
*** Element info: {Using=xpath, value=(//span[@class='number-of-items navigation-element'])[1]}
at org.openqa.selenium.remote.codec.w3c.W3CHttpResponseCodec.createException(W3CHttpResponseCodec.java:190)
at org.openqa.selenium.remote.codec.w3c.W3CHttpResponseCodec.decode(W3CHttpResponseCodec.java:124)
at org.openqa.selenium.remote.codec.w3c.W3CHttpResponseCodec.decode(W3CHttpResponseCodec.java:51)
at org.openqa.selenium.remote.HttpCommandExecutor.execute(HttpCommandExecutor.java:161)
at org.openqa.selenium.remote.service.DriverCommandExecutor.execute(DriverCommandExecutor.java:83)
at org.openqa.selenium.remote.RemoteWebDriver.execute(RemoteWebDriver.java:577)
at org.openqa.selenium.remote.RemoteWebDriver.findElement(RemoteWebDriver.java:328)
at org.openqa.selenium.remote.RemoteWebDriver.findElementByXPath(RemoteWebDriver.java:446)
at org.openqa.selenium.By$ByXPath.findElement(By.java:353)
at org.openqa.selenium.remote.RemoteWebDriver.findElement(RemoteWebDriver.java:320)
at com.atmecs.konakart.utility.Utility.getbjectLocator(Utility.java:78)
at com.atmecs.konakart.base.Base.getText(Base.java:510)
at com.atmecs.konakart.script.ProductSearch.positiveSearches(ProductSearch.java:52)
at java.base/java.util.ArrayList.forEach(ArrayList.java:1540)
at java.base/java.util.concurrent.FutureTask.run(FutureTask.java:264)
at java.base/java.util.concurrent.ThreadPoolExecutor.runWorker(ThreadPoolExecutor.java:1128)
at java.base/java.util.concurrent.ThreadPoolExecutor$Worker.run(ThreadPoolExecutor.java:628)
at java.base/java.lang.Thread.run(Thread.java:835)
... Removed 23 stack frames]]>
    </failure>
  </testcase> <!-- positiveSearches -->
  <testcase classname="com.atmecs.konakart.script.ProductSearch" name="positiveSearches" time="4.578"/>
  <testcase classname="com.atmecs.konakart.script.ProductSearch" name="positiveSearches" time="3.855"/>
  <testcase classname="com.atmecs.konakart.script.ProductSearch" name="positiveSearches" time="2.466"/>
  <testcase classname="com.atmecs.konakart.script.ProductSearch" name="positiveSearches" time="4.823"/>
  <testcase classname="com.atmecs.konakart.script.ProductSearch" name="positiveSearches" time="3.705"/>
  <testcase classname="com.atmecs.konakart.script.ProductSearch" name="negativeSearches" time="4.863"/>
  <testcase classname="com.atmecs.konakart.script.ProductSearch" name="positiveSearches" time="2.345"/>
  <testcase classname="com.atmecs.konakart.script.ProductSearch" name="positiveSearches" time="3.255"/>
  <testcase classname="com.atmecs.konakart.script.ProductSearch" name="negativeSearches" time="4.405"/>
  <testcase classname="com.atmecs.konakart.script.ProductSearch" name="positiveSearches" time="2.532"/>
  <testcase classname="com.atmecs.konakart.script.ProductSearch" name="negativeSearches" time="4.419"/>
  <testcase classname="com.atmecs.konakart.script.ProductSearch" name="negativeSearches" time="3.094"/>
  <testcase classname="com.atmecs.konakart.script.ProductSearch" name="negativeSearches" time="4.936"/>
  <testcase classname="com.atmecs.konakart.script.ProductSearch" name="negativeSearches" time="4.49"/>
  <testcase classname="com.atmecs.konakart.script.ProductSearch" name="negativeSearches" time="4.86"/>
  <testcase classname="com.atmecs.konakart.script.ProductSearch" name="negativeSearches" time="6.707"/>
  <testcase classname="com.atmecs.konakart.script.ProductSearch" name="negativeSearches" time="3.222"/>
  <testcase classname="com.atmecs.konakart.script.ProductSearch" name="negativeSearches" time="3.508"/>
  <testcase classname="com.atmecs.konakart.script.ProductSearch" name="negativeSearches" time="4.482"/>
  <testcase classname="com.atmecs.konakart.script.ProductSearch" name="negativeSearches" time="2.728"/>
  <testcase classname="com.atmecs.konakart.script.ProductSearch" name="negativeSearches" time="2.396"/>
  <testcase classname="com.atmecs.konakart.script.ProductSearch" name="negativeSearches" time="3.445"/>
</testsuite> <!-- chrome -->
