<?xml version="1.0" encoding="UTF-8"?>
<!-- Generated by org.testng.reporters.JUnitXMLReporter -->
<testsuite ignored="0" hostname="ATMECSINLT-028" failures="1" tests="18" name="Test" time="112.887" errors="0" timestamp="2019-10-21T20:09:01 IST">
  <testcase classname="com.atmecs.konakart.script.ProductSearch" name="positiveSearches" time="9.665"/>
  <testcase classname="com.atmecs.konakart.script.ProductSearch" name="positiveSearches" time="5.881"/>
  <testcase classname="com.atmecs.konakart.script.ProductSearch" name="positiveSearches" time="6.149"/>
  <testcase classname="com.atmecs.konakart.script.ProductSearch" name="positiveSearches" time="5.5"/>
  <testcase classname="com.atmecs.konakart.script.ProductSearch" name="positiveSearches" time="5.155"/>
  <testcase classname="com.atmecs.konakart.script.ProductSearch" name="positiveSearches" time="5.232"/>
  <testcase classname="com.atmecs.konakart.script.ProductSearch" name="positiveSearches" time="5.393"/>
  <testcase classname="com.atmecs.konakart.script.ProductSearch" name="positiveSearches" time="5.413"/>
  <testcase classname="com.atmecs.konakart.script.ProductSearch" name="negativeSearches" time="2.85"/>
  <testcase classname="com.atmecs.konakart.script.ProductSearch" name="negativeSearches" time="3.507"/>
  <testcase classname="com.atmecs.konakart.script.ProductSearch" name="negativeSearches" time="3.817"/>
  <testcase classname="com.atmecs.konakart.script.ProductSearch" name="negativeSearches" time="3.334"/>
  <testcase classname="com.atmecs.konakart.script.ProductSearch" name="negativeSearches" time="3.29"/>
  <testcase classname="com.atmecs.konakart.script.ProductSearch" name="negativeSearches" time="3.106"/>
  <testcase classname="com.atmecs.konakart.script.ProductSearch" name="negativeSearches" time="3.661"/>
  <testcase classname="com.atmecs.konakart.script.ProductSearch" name="negativeSearches" time="3.036"/>
  <testcase classname="com.atmecs.konakart.script.ProductReview" name="contentCorrectness" time="12.765">
    <failure type="java.lang.NullPointerException">
      <![CDATA[java.lang.NullPointerException
at com.atmecs.konakart.utility.Utility.getbjectLocator(Utility.java:56)
at com.atmecs.konakart.base.Base.getText(Base.java:508)
at com.atmecs.konakart.script.ProductReview.contentCorrectness(ProductReview.java:39)
at java.base/java.util.ArrayList.forEach(ArrayList.java:1540)
... Removed 27 stack frames]]>
    </failure>
  </testcase> <!-- contentCorrectness -->
  <testcase classname="com.atmecs.konakart.script.ProductReview" name="customerReview" time="0.0">
    <skipped/>
  </testcase> <!-- customerReview -->
</testsuite> <!-- Test -->
